209 1 0
139 1 0
24 1 0
66 1 0
26 1 0
146 1 0
24 1 0
4 1 0
209 1 0
230 1 0
32 1 0
87 1 0
188 1 0
230 1 0
83 1 0
230 1 0
230 1 0
3 1 0
111 1 0
28 1 0
188 1 0
213 1 0
106 1 0
125 1 0
209 1 0
167 1 0
188 1 0
167 1 0
167 1 0
209 1 0
6 1 0
42 1 0
171 1 0
225 1 0
209 1 0
74 1 0
167 1 0
209 1 0
188 1 0
125 1 0
125 1 0
188 1 0
230 1 0
247 1 0
230 1 0
209 1 0
167 1 0
209 1 0
150 1 0
230 1 0
112 1 0
230 1 0
209 1 0
167 1 0
255 1 0
52 1 0
209 1 0
196 1 0
56 1 0
230 1 0
91 1 0
216 1 0
72 1 0
230 1 0
229 1 0
125 1 0
208 1 0
20 1 0
230 1 0
87 1 0
209 1 0
230 1 0
230 1 0
209 1 0
192 1 0
230 1 0
238 1 0
210 1 0
230 1 0
213 1 0
230 1 0
230 1 0
150 1 0
230 1 0
255 1 0
109 1 0
225 1 0
188 1 0
209 1 0
230 1 0
242 1 0
230 1 0
116 1 0
209 1 0
230 1 0
11 1 0
167 1 0
230 1 0
230 1 0
230 1 0
83 1 0
188 1 0
32 1 0
234 1 0
62 1 0
167 1 0
62 1 0
171 1 0
158 1 0
213 1 0
230 1 0
83 1 0
209 1 0
188 1 0
234 1 0
250 1 0
171 1 0
188 1 0
73 1 0
0 1 0
53 1 0
188 1 0
146 1 0
230 1 0
200 1 0
95 1 0
27 1 0
209 1 0
230 1 0
230 1 0
166 1 0
230 1 0
230 1 0
103 1 0
150 1 0
230 1 0
66 1 0
230 1 0
10 1 0
209 1 0
146 1 0
230 1 0
83 1 0
209 1 0
188 1 0
230 1 0
188 1 0
125 1 0
188 1 0
230 1 0
188 1 0
146 1 0
3 1 0
167 1 0
196 1 0
188 1 0
230 1 0
125 1 0
188 1 0
146 1 0
208 1 0
78 1 0
230 1 0
70 1 0
253 1 0
230 1 0
178 1 0
28 1 0
240 1 0
95 1 0
167 1 0
48 1 0
131 1 0
230 1 0
209 1 0
28 1 0
188 1 0
230 1 0
188 1 0
230 1 0
167 1 0
230 1 0
167 1 0
230 1 0
125 1 0
230 1 0
104 1 0
230 1 0
45 1 0
188 1 0
204 1 0
104 1 0
146 1 0
230 1 0
209 1 0
125 1 0
167 1 0
188 1 0
116 1 0
175 1 0
104 1 0
62 1 0
230 1 0
174 1 0
230 1 0
230 1 0
187 1 0
48 1 0
62 1 0
233 1 0
230 1 0
125 1 0
41 1 0
62 1 0
217 1 0
158 1 0
230 1 0
43 1 0
234 1 0
158 1 0
230 1 0
230 1 0
230 1 0
209 1 0
188 1 0
230 1 0
209 1 0
73 1 0
230 1 0
234 1 0
167 1 0
158 1 0
230 1 0
62 1 0
167 1 0
230 1 0
179 1 0
41 1 0
135 1 0
209 1 0
103 1 0
230 1 0
188 1 0
230 1 0
188 1 0
19 1 0
234 1 0
192 1 0
230 1 0
188 1 0
196 1 0
188 1 0
124 1 0
230 1 0
51 1 0
188 1 0
209 1 0
230 1 0
230 1 0
132 1 0
45 1 0
167 1 0
230 1 0
230 1 0
6 1 0
230 1 0
188 1 0
125 1 0
20 1 0
167 1 0
230 1 0
45 1 0
230 1 0
188 1 0
83 1 0
183 1 0
136 1 0
209 1 0
28 1 0
188 1 0
230 1 0
230 1 0
241 1 0
192 1 0
167 1 0
62 1 0
188 1 0
125 1 0
209 1 0
230 1 0
188 1 0
167 1 0
175 1 0
181 1 0
188 1 0
230 1 0
230 1 0
41 1 0
108 1 0
190 1 0
230 1 0
209 1 0
175 1 0
167 1 0
216 1 0
209 1 0
129 1 0
209 1 0
99 1 0
83 1 0
146 1 0
230 1 0
83 1 0
209 1 0
83 1 0
62 1 0
41 1 0
188 1 0
209 1 0
230 1 0
230 1 0
125 1 0
171 1 0
125 1 0
146 1 0
146 1 0
255 1 0
209 1 0
209 1 0
230 1 0
230 1 0
230 1 0
209 1 0
190 1 0
234 1 0
62 1 0
230 1 0
125 1 0
209 1 0
154 1 0
91 1 0
167 1 0
234 1 0
91 1 0
62 1 0
238 1 0
230 1 0
141 1 0
62 1 0
188 1 0
146 1 0
17 1 0
230 1 0
246 1 0
140 1 0
230 1 0
41 1 0
230 1 0
82 1 0
188 1 0
234 1 0
230 1 0
45 1 0
209 1 0
188 1 0
230 1 0
209 1 0
234 1 0
167 1 0
83 1 0
209 1 0
167 1 0
254 1 0
240 1 0
188 1 0
230 1 0
242 1 0
230 1 0
167 1 0
125 1 0
41 1 0
200 1 0
209 1 0
45 1 0
127 1 0
188 1 0
123 1 0
192 1 0
230 1 0
110 1 0
230 1 0
95 1 0
20 1 0
41 1 0
112 1 0
230 1 0
209 1 0
152 1 0
87 1 0
91 1 0
167 1 0
230 1 0
179 1 0
188 1 0
108 1 0
66 1 0
221 1 0
125 1 0
157 1 0
83 1 0
125 1 0
230 1 0
49 1 0
41 1 0
154 1 0
62 1 0
192 1 0
230 1 0
13 1 0
209 1 0
209 1 0
209 1 0
188 1 0
112 1 0
196 1 0
104 1 0
133 1 0
230 1 0
145 1 0
125 1 0
104 1 0
203 1 0
154 1 0
230 1 0
230 1 0
167 1 0
233 1 0
2 1 0
230 1 0
122 1 0
157 1 0
15 1 0
209 1 0
230 1 0
66 1 0
230 1 0
192 1 0
230 1 0
146 1 0
61 1 0
104 1 0
209 1 0
230 1 0
167 1 0
108 1 0
146 1 0
209 1 0
108 1 0
230 1 0
41 1 0
188 1 0
188 1 0
230 1 0
230 1 0
188 1 0
209 1 0
107 1 0
195 1 0
175 1 0
215 1 0
230 1 0
110 1 0
209 1 0
20 1 0
172 1 0
171 1 0
188 1 0
167 1 0
104 1 0
209 1 0
170 1 0
230 1 0
209 1 0
81 1 0
182 1 0
62 1 0
167 1 0
230 1 0
167 1 0
23 1 0
83 1 0
188 1 0
230 1 0
255 1 0
230 1 0
188 1 0
230 1 0
11 1 0
230 1 0
230 1 0
167 1 0
230 1 0
230 1 0
167 1 0
217 1 0
188 1 0
144 1 0
230 1 0
187 1 0
167 1 0
167 1 0
188 1 0
